2020-03-02T03:21:26.344Z - normal: Load ~/.CocosCreator/settings.json
2020-03-02T03:21:26.377Z - normal: Initializing Asset Database
2020-03-02T03:21:26.380Z - normal: checking language setting...
2020-03-02T03:21:26.380Z - normal: Language: zh
2020-03-02T03:21:26.674Z - success: preview server running at http://localhost:7456
2020-03-02T03:21:26.686Z - success: protocol editor-framework registered
2020-03-02T03:21:26.686Z - success: protocol app registered
2020-03-02T03:21:26.686Z - success: protocol theme registered
2020-03-02T03:21:26.686Z - success: protocol packages registered
2020-03-02T03:21:26.686Z - success: protocol uuid registerred
2020-03-02T03:21:26.686Z - success: protocol db registerred
2020-03-02T03:21:26.686Z - success: protocol thumbnail registerred
2020-03-02T03:21:26.686Z - success: protocol unpack registerred
2020-03-02T03:21:26.686Z - success: protocol disable-commonjs registerred
2020-03-02T03:21:26.856Z - normal: connected!
2020-03-02T03:21:26.857Z - normal: Check project /Users/work/putao/bookWorld
2020-03-02T03:21:26.858Z - normal: Initializing project /Users/work/putao/bookWorld
2020-03-02T03:21:26.872Z - success: adapters loaded
2020-03-02T03:21:26.876Z - success: asset-db-debugger loaded
2020-03-02T03:21:26.926Z - success: fb-audience-network loaded
2020-03-02T03:21:26.946Z - success: fb-live-stream loaded
2020-03-02T03:21:26.947Z - success: google-play-instant loaded
2020-03-02T03:21:26.950Z - success: huawei-runtime loaded
2020-03-02T03:21:26.951Z - success: jkw-adapter loaded
2020-03-02T03:21:26.951Z - success: jsb-adapter loaded
2020-03-02T03:21:26.954Z - success: oppo-runtime loaded
2020-03-02T03:21:26.957Z - success: package-manager loaded
2020-03-02T03:21:26.957Z - success: qtt-adapter loaded
2020-03-02T03:21:26.958Z - success: runtime-dev-tools loaded
2020-03-02T03:21:26.963Z - success: sdkbox loaded
2020-03-02T03:21:26.965Z - success: ui-kit-preview-extra loaded
2020-03-02T03:21:26.968Z - success: ui-kit-preview loaded
2020-03-02T03:21:26.971Z - success: vivo-runtime loaded
2020-03-02T03:21:26.973Z - success: alipay-minigame loaded
2020-03-02T03:21:27.024Z - success: assets loaded
2020-03-02T03:21:27.027Z - success: baidugame-opendata loaded
2020-03-02T03:21:27.028Z - success: baidugame loaded
2020-03-02T03:21:27.032Z - success: builder loaded
2020-03-02T03:21:27.135Z - success: cocos-services loaded
2020-03-02T03:21:27.140Z - success: console loaded
2020-03-02T03:21:27.148Z - success: fb-instant-games loaded
2020-03-02T03:21:27.151Z - success: game-window loaded
2020-03-02T03:21:27.152Z - success: google-instant-games loaded
2020-03-02T03:21:27.155Z - success: hierarchy loaded
2020-03-02T03:21:27.159Z - success: inspector loaded
2020-03-02T03:21:27.366Z - success: cpk-publish loaded
2020-03-02T03:21:27.369Z - success: keystore loaded
2020-03-02T03:21:27.377Z - success: node-library loaded
2020-03-02T03:21:27.381Z - success: open-recent-items loaded
2020-03-02T03:21:27.388Z - success: package-asset loaded
2020-03-02T03:21:27.389Z - success: preferences loaded
2020-03-02T03:21:27.392Z - success: project-exporter loaded
2020-03-02T03:21:27.395Z - success: project-importer loaded
2020-03-02T03:21:27.398Z - success: project-settings loaded
2020-03-02T03:21:27.408Z - success: qtt-runtime loaded
2020-03-02T03:21:27.411Z - success: scene loaded
2020-03-02T03:21:27.412Z - success: simulator-debugger loaded
2020-03-02T03:21:27.413Z - success: sprite-editor loaded
2020-03-02T03:21:27.416Z - success: store loaded
2020-03-02T03:21:27.419Z - success: timeline loaded
2020-03-02T03:21:27.421Z - success: wechatgame-opendata loaded
2020-03-02T03:21:27.425Z - success: wechatgame loaded
2020-03-02T03:21:27.427Z - success: xiaomi-runtime loaded
2020-03-02T03:21:28.101Z - normal: Initializing Cocos2d
2020-03-02T03:21:28.335Z - normal: Initializing engine extends
2020-03-02T03:21:28.792Z - info: Cocos Service load base data!
2020-03-02T03:21:30.410Z - normal: Loading packages
2020-03-02T03:21:30.414Z - normal: Watching packages
2020-03-02T03:21:30.479Z - normal: Run Application
2020-03-02T03:21:33.223Z - normal: ====lang:  zh
2020-03-02T03:28:52.279Z - normal: ====lang:  zh
2020-03-02T03:31:40.442Z - normal: ====lang:  zh
2020-03-02T03:33:12.083Z - normal: ====lang:  zh
2020-03-02T03:34:52.780Z - normal: ====lang:  zh
2020-03-02T03:35:23.474Z - normal: ====lang:  zh
2020-03-02T03:36:19.830Z - normal: ====lang:  zh
2020-03-02T03:36:45.631Z - normal: ====lang:  zh
2020-03-02T03:38:14.242Z - normal: ====lang:  zh
2020-03-02T03:40:33.069Z - normal: ====lang:  zh
2020-03-02T03:42:55.143Z - normal: ====lang:  zh
2020-03-02T03:43:46.457Z - normal: ====lang:  zh
2020-03-02T03:45:37.917Z - normal: ====lang:  zh
2020-03-02T03:46:14.785Z - normal: ====lang:  zh
2020-03-02T03:58:45.983Z - normal: ====lang:  zh
2020-03-02T03:59:31.354Z - normal: ====lang:  zh
2020-03-02T04:01:16.882Z - normal: ====lang:  zh
2020-03-02T04:01:46.679Z - normal: ====lang:  zh
2020-03-02T04:01:59.433Z - normal: ====lang:  zh
2020-03-02T04:05:21.232Z - normal: ====lang:  zh
2020-03-02T04:05:51.163Z - normal: ====lang:  zh
2020-03-02T04:06:41.350Z - normal: ====lang:  zh
2020-03-02T04:07:15.929Z - normal: ====lang:  zh
2020-03-02T04:09:27.279Z - normal: ====lang:  zh
2020-03-02T04:10:10.468Z - normal: ====lang:  zh
2020-03-02T04:20:04.595Z - normal: ====lang:  zh
2020-03-02T04:20:55.121Z - normal: ====lang:  zh
2020-03-02T04:22:32.893Z - normal: ====lang:  zh
2020-03-02T04:23:15.297Z - normal: ====lang:  zh
2020-03-02T04:24:13.105Z - normal: ====lang:  zh
2020-03-02T04:25:28.215Z - normal: ====lang:  zh
2020-03-02T04:25:58.193Z - normal: ====lang:  zh
2020-03-02T04:27:58.965Z - normal: ====lang:  zh
2020-03-02T04:28:21.077Z - normal: ====lang:  zh
2020-03-02T04:28:47.618Z - normal: ====lang:  zh
2020-03-02T04:30:51.086Z - normal: ====lang:  zh
2020-03-02T04:32:15.273Z - normal: ====lang:  zh
2020-03-02T04:36:46.940Z - normal: ====lang:  zh
2020-03-02T04:37:20.302Z - normal: ====lang:  zh
2020-03-02T04:37:43.072Z - normal: ====lang:  zh
2020-03-02T04:38:18.773Z - normal: ====lang:  zh
2020-03-02T04:39:08.363Z - normal: ====lang:  zh
2020-03-02T04:39:45.932Z - normal: ====lang:  zh
2020-03-02T04:41:16.195Z - normal: ====lang:  zh
2020-03-02T04:44:15.394Z - normal: ====lang:  zh
2020-03-02T04:48:21.518Z - normal: ====lang:  zh
2020-03-02T04:51:25.199Z - normal: ====lang:  zh
2020-03-02T04:52:10.325Z - normal: ====lang:  zh
2020-03-02T04:52:48.846Z - normal: ====lang:  zh
2020-03-02T05:58:56.590Z - normal: ====lang:  zh
2020-03-02T05:59:18.287Z - normal: ====lang:  zh
2020-03-02T05:59:53.223Z - normal: ====lang:  zh
2020-03-02T06:00:26.901Z - normal: ====lang:  zh
2020-03-02T06:00:47.583Z - normal: ====lang:  zh
2020-03-02T06:01:28.113Z - normal: ====lang:  zh
2020-03-02T06:03:59.692Z - normal: ====lang:  zh
2020-03-02T06:04:38.932Z - normal: ====lang:  zh
2020-03-02T06:05:16.371Z - normal: ====lang:  zh
2020-03-02T06:05:42.141Z - normal: ====lang:  zh
2020-03-02T06:06:49.198Z - normal: ====lang:  zh
2020-03-02T06:11:27.023Z - normal: ====lang:  zh
2020-03-02T06:17:18.904Z - failed: [db-task][sync-changes] Failed to import asset /Users/work/putao/bookWorld/assets/scripts/map/MapCtrl.js, message: Compile error: TypeError: /Users/work/putao/bookWorld/assets/scripts/map/MapCtrl.js: Duplicate declaration "pos"
  195 |      */
  196 |     scrollToBuildingPos (pos) {
> 197 |         let pos = this.testNode.getPosition();
      |             ^
  198 |         cc.log("===testPos:", JSON.stringify(pos));
  199 | 
  200 |         let t = 1;
    at File.buildCodeFrameError (/Applications/CocosCreator.app/Contents/Resources/app.asar/node_modules/babel-core/lib/transformation/file/index.js:431:15)
    at Scope.checkBlockScopedCollisions (/Applications/CocosCreator.app/Contents/Resources/app.asar/node_modules/babel-traverse/lib/scope/index.js:398:27)
    at Scope.registerBinding (/Applications/CocosCreator.app/Contents/Resources/app.asar/node_modules/babel-traverse/lib/scope/index.js:592:16)
    at Scope.registerDeclaration (/Applications/CocosCreator.app/Contents/Resources/app.asar/node_modules/babel-traverse/lib/scope/index.js:496:14)
    at Object.BlockScoped (/Applications/CocosCreator.app/Contents/Resources/app.asar/node_modules/babel-traverse/lib/scope/index.js:244:28)
    at Object.newFn (/Applications/CocosCreator.app/Contents/Resources/app.asar/node_modules/babel-traverse/lib/visitors.js:318:17)
    at NodePath._call (/Applications/CocosCreator.app/Contents/Resources/app.asar/node_modules/babel-traverse/lib/path/context.js:76:18)
    at NodePath.call (/Applications/CocosCreator.app/Contents/Resources/app.asar/node_modules/babel-traverse/lib/path/context.js:44:14)
    at NodePath.visit (/Applications/CocosCreator.app/Contents/Resources/app.asar/node_modules/babel-traverse/lib/path/context.js:105:12)
    at TraversalContext.visitQueue (/Applications/CocosCreator.app/Contents/Resources/app.asar/node_modules/babel-traverse/lib/context.js:150:16)
2020-03-02T06:17:28.159Z - normal: ====lang:  zh
2020-03-02T06:18:18.095Z - normal: ====lang:  zh
2020-03-02T06:19:39.906Z - normal: ====lang:  zh
2020-03-02T06:19:54.400Z - normal: ====lang:  zh
2020-03-02T06:21:07.934Z - normal: ====lang:  zh
2020-03-02T06:22:15.187Z - normal: ====lang:  zh
2020-03-02T06:25:34.637Z - normal: ====lang:  zh
2020-03-02T06:27:25.648Z - normal: ====lang:  zh
2020-03-02T06:28:13.696Z - normal: ====lang:  zh
2020-03-02T06:28:32.935Z - normal: ====lang:  zh
2020-03-02T06:28:52.726Z - normal: ====lang:  zh
2020-03-02T06:30:16.593Z - normal: ====lang:  zh
2020-03-02T06:31:03.767Z - normal: ====lang:  zh
2020-03-02T06:32:15.138Z - normal: ====lang:  zh
2020-03-02T06:33:01.280Z - normal: ====lang:  zh
2020-03-02T06:33:17.810Z - normal: ====lang:  zh
2020-03-02T06:35:44.555Z - normal: ====lang:  zh
2020-03-02T06:36:12.342Z - normal: ====lang:  zh
2020-03-02T06:41:37.717Z - normal: ====lang:  zh
2020-03-02T06:41:39.572Z - normal: ====lang:  zh
